<?xml version="1.0" encoding="UTF-8"?>
<Site BuildName="(empty)"
	BuildStamp="20220129-1101-Experimental"
	Name="(empty)"
	Generator="ctest-3.16.3"
	CompilerName=""
	CompilerVersion=""
	OSName="Linux"
	Hostname="computer-01"
	OSRelease="5.11.0-40-generic"
	OSVersion="#44~20.04.2-Ubuntu SMP Tue Oct 26 18:07:44 UTC 2021"
	OSPlatform="x86_64"
	Is64Bits="1"
	VendorString="GenuineIntel"
	VendorID="Intel Corporation"
	FamilyID="6"
	ModelID="85"
	ProcessorCacheSize="22528"
	NumberOfLogicalCPU="64"
	NumberOfPhysicalCPU="32"
	TotalVirtualMemory="2047"
	TotalPhysicalMemory="515381"
	LogicalProcessorsPerPhysical="2"
	ProcessorClockFrequency="2300"
	>
	<Testing>
		<StartDateTime>Jan 29 19:01 CST</StartDateTime>
		<StartTestTime>1643454092</StartTestTime>
		<TestList/>
		<EndDateTime>Jan 29 19:01 CST</EndDateTime>
		<EndTestTime>1643454092</EndTestTime>
		<ElapsedMinutes>0</ElapsedMinutes>
	</Testing>
</Site>
